<?xml version="1.0" encoding="UTF-8"?><testsuite failures="1" name="cucumber.runtime.formatter.JUnitFormatter" skipped="0" tests="1" time="117.624914">
<testcase classname="Update status related action submission with status cancel" name="Fill out Automated Testing Data to update the status of the request with cancel status" time="117.624914">
<failure message="org.openqa.selenium.TimeoutException: Expected condition failed: waiting for invisibility of [[[[ChromeDriver: chrome on XP (ae9eb487ae6f2b1558ea01bf5d9f7f25)] -&gt; xpath: ((//table[contains(@class, '---table')])[1])/tbody/tr[1]/td[1]]] -&gt; xpath: .//img|.//a] (tried for 10 second(s) with 500 MILLISECONDS interval)&#10;Build info: version: 'unknown', revision: 'unknown', time: 'unknown'&#10;System info: host: 'VURAM-2016-0122', ip: '192.168.6.61', os.name: 'Windows 10', os.arch: 'amd64', os.version: '10.0', java.version: '1.8.0_161'&#10;Driver info: org.openqa.selenium.chrome.ChromeDriver&#10;Capabilities [{mobileEmulationEnabled=false, hasTouchScreen=false, platform=XP, acceptSslCerts=false, goog:chromeOptions={debuggerAddress=localhost:64780}, acceptInsecureCerts=false, webStorageEnabled=true, browserName=chrome, takesScreenshot=true, javascriptEnabled=true, setWindowRect=true, unexpectedAlertBehaviour=, applicationCacheEnabled=false, rotatable=false, networkConnectionEnabled=false, chrome={chromedriverVersion=2.43.600210 (68dcf5eebde37173d4027fa8635e332711d2874a), userDataDir=C:\Users\PRAKRU~2\AppData\Local\Temp\scoped_dir18060_17072}, takesHeapSnapshot=true, pageLoadStrategy=normal, databaseEnabled=false, handlesAlerts=true, version=76.0.3809.132, browserConnectionEnabled=false, nativeEvents=true, locationContextEnabled=true, cssSelectorsEnabled=true}]&#10;Session ID: ae9eb487ae6f2b1558ea01bf5d9f7f25&#13;&#10;&#9;at org.openqa.selenium.support.ui.WebDriverWait.timeoutException(WebDriverWait.java:80)&#13;&#10;&#9;at org.openqa.selenium.support.ui.FluentWait.until(FluentWait.java:232)&#13;&#10;&#9;at com.appiancorp.ps.automatedtest.tempo.interfaces.TempoGridCell.click(TempoGridCell.java:182)&#13;&#10;&#9;at com.appiancorp.ps.automatedtest.fixture.TempoFixture.clickOnGridColumnRow(TempoFixture.java:1588)&#13;&#10;&#9;at com.appiancorp.ps.cucumber.fixtures.CucumberTempoFixture.clickOnGridColumnRow(CucumberTempoFixture.java:480)&#13;&#10;&#9;at ✽.I click on grid &quot;[1]&quot; column &quot;[1]&quot; row &quot;[1]&quot;(src/test/java/testcases/temp_LinkRequest.feature:46)&#13;&#10;"><![CDATA[Given I setup with "CHROME" browser.........................................passed
When I set appian URL to "https://harbourvesttest.appiancloud.com/suite/portal/login.jsp".passed
And I set appian version to "18.4"..........................................passed
And I set appian locale to "en_US"..........................................passed
Given I login with username "csaUser1"......................................passed
Given I wait for "5" seconds................................................passed
Given I open "https://harbourvesttest.appiancloud.com/suite/sites/client-service".passed
Given I wait for "5" seconds................................................passed
Given I click on site page "CLIENT SERVICE REQUEST".........................passed
Given I wait for "5" seconds................................................passed
Given I click on grid "[1]" column "[3]" row "[2]"..........................passed
Given I wait for "5" seconds................................................passed
Given I click on record related action "LINK/UNLINK REQUESTS"...............passed
Given I wait for "10" seconds...............................................passed
Given I click on grid "[1]" column "[1]" row "[1]"..........................failed
Given I click on grid "[1]" column "[1]" row "[1]"..........................skipped
Given I click on grid "[1]" column "[2]" row "[1]"..........................skipped
Given I click on grid "[1]" column "[2]" row "[1]"..........................skipped
Given I click on grid "[1]" column "[3]" row "[1]"..........................skipped
Given I click on grid "[1]" column "[3]" row "[1]"..........................skipped
Given I click on grid "[1]" column "[4]" row "[1]"..........................skipped
Given I click on grid "[1]" column "[4]" row "[1]"..........................skipped
Given I click on grid "[1]" column "[5]" row "[1]"..........................skipped
Given I click on grid "[1]" column "[5]" row "[1]"..........................skipped
Given I click on grid "[1]" column "[6]" row "[1]"..........................skipped
Given I click on grid "[1]" column "[6]" row "[1]"..........................skipped
Given I click on grid "[1]" column "[7]" row "[1]"..........................skipped
Given I click on grid "[1]" column "[7]" row "[1]"..........................skipped
Given I wait for "5" seconds................................................skipped
Given I click on grid "[1]" navigation "next"...............................skipped
Given I click on grid "[1]" navigation "last"...............................skipped
Given I click on grid "[1]" navigation "previous"...........................skipped
Given I click on grid "[1]" navigation "first"..............................skipped
Given I wait for "5" seconds................................................skipped
Given I click on grid "[1]" column "[10]" row "[2]".........................skipped
Given I wait for "5" seconds................................................skipped
Given I click on grid "[2]" column "[1]" row "[1]"..........................skipped
Given I click on grid "[2]" column "[1]" row "[1]"..........................skipped
Given I click on grid "[2]" column "[2]" row "[1]"..........................skipped
Given I click on grid "[2]" column "[2]" row "[1]"..........................skipped
Given I click on grid "[2]" column "[3]" row "[1]"..........................skipped
Given I click on grid "[2]" column "[3]" row "[1]"..........................skipped
Given I click on grid "[2]" column "[4]" row "[1]"..........................skipped
Given I click on grid "[2]" column "[4]" row "[1]"..........................skipped
Given I click on grid "[2]" column "[5]" row "[1]"..........................skipped
Given I click on grid "[2]" column "[5]" row "[1]"..........................skipped
Given I click on grid "[2]" column "[6]" row "[1]"..........................skipped
Given I click on grid "[2]" column "[6]" row "[1]"..........................skipped
Given I click on grid "[2]" column "[7]" row "[1]"..........................skipped
Given I click on grid "[2]" column "[7]" row "[1]"..........................skipped
Given I wait for "5" seconds................................................skipped
Given I click on grid "[2]" column "[10]" row "[2]".........................skipped
Given I wait for "5" seconds................................................skipped
Given I populate field "Request ID" with "1904-1600"........................skipped
Given I wait for "2" seconds................................................skipped
Given I populate field "Request Type" with "Cash Flow"......................skipped
Given I wait for "2" seconds................................................skipped
Given I populate field "Request Owner" with "csaUser1"......................skipped
Given I wait for "5" seconds................................................skipped
Given I click on grid "[1]" column "[10]" row "[2]".........................skipped
Given I wait for "5" seconds................................................skipped
Given I verify button "CANCEL" is present...................................skipped
Given I click on button "COMPLETE"..........................................skipped
Given I wait for "5" seconds................................................skipped
Given I click on button "YES"...............................................skipped
Given I wait for "10" seconds...............................................skipped
Given I logout..............................................................skipped
Given I tear down...........................................................skipped

StackTrace:
org.openqa.selenium.TimeoutException: Expected condition failed: waiting for invisibility of [[[[ChromeDriver: chrome on XP (ae9eb487ae6f2b1558ea01bf5d9f7f25)] -> xpath: ((//table[contains(@class, '---table')])[1])/tbody/tr[1]/td[1]]] -> xpath: .//img|.//a] (tried for 10 second(s) with 500 MILLISECONDS interval)
Build info: version: 'unknown', revision: 'unknown', time: 'unknown'
System info: host: 'VURAM-2016-0122', ip: '192.168.6.61', os.name: 'Windows 10', os.arch: 'amd64', os.version: '10.0', java.version: '1.8.0_161'
Driver info: org.openqa.selenium.chrome.ChromeDriver
Capabilities [{mobileEmulationEnabled=false, hasTouchScreen=false, platform=XP, acceptSslCerts=false, goog:chromeOptions={debuggerAddress=localhost:64780}, acceptInsecureCerts=false, webStorageEnabled=true, browserName=chrome, takesScreenshot=true, javascriptEnabled=true, setWindowRect=true, unexpectedAlertBehaviour=, applicationCacheEnabled=false, rotatable=false, networkConnectionEnabled=false, chrome={chromedriverVersion=2.43.600210 (68dcf5eebde37173d4027fa8635e332711d2874a), userDataDir=C:\Users\PRAKRU~2\AppData\Local\Temp\scoped_dir18060_17072}, takesHeapSnapshot=true, pageLoadStrategy=normal, databaseEnabled=false, handlesAlerts=true, version=76.0.3809.132, browserConnectionEnabled=false, nativeEvents=true, locationContextEnabled=true, cssSelectorsEnabled=true}]
Session ID: ae9eb487ae6f2b1558ea01bf5d9f7f25
	at org.openqa.selenium.support.ui.WebDriverWait.timeoutException(WebDriverWait.java:80)
	at org.openqa.selenium.support.ui.FluentWait.until(FluentWait.java:232)
	at com.appiancorp.ps.automatedtest.tempo.interfaces.TempoGridCell.click(TempoGridCell.java:182)
	at com.appiancorp.ps.automatedtest.fixture.TempoFixture.clickOnGridColumnRow(TempoFixture.java:1588)
	at com.appiancorp.ps.cucumber.fixtures.CucumberTempoFixture.clickOnGridColumnRow(CucumberTempoFixture.java:480)
	at ✽.I click on grid "[1]" column "[1]" row "[1]"(src/test/java/testcases/temp_LinkRequest.feature:46)
]]></failure>
</testcase>
</testsuite>
